CRITICAL - 2024-02-27 01:52:57 --> Error: Class "app\Controllers\BaseController" not found
in APPPATH\Controllers\Home.php on line 5.
 1 SYSTEMPATH\Autoloader\Autoloader.php(309): include_once()
 2 SYSTEMPATH\Autoloader\Autoloader.php(288): CodeIgniter\Autoloader\Autoloader->includeFile('C:\\xampp\\htdocs\\2024\\CI\\app\\Controllers\\Home.php')
 3 SYSTEMPATH\Autoloader\Autoloader.php(266): CodeIgniter\Autoloader\Autoloader->loadInNamespace('App\\Controllers\\Home')
 4 [internal function]: CodeIgniter\Autoloader\Autoloader->loadClass('App\\Controllers\\Home')
 5 SYSTEMPATH\CodeIgniter.php(899): class_exists('\\App\\Controllers\\Home', true)
 6 SYSTEMPATH\CodeIgniter.php(489): CodeIgniter\CodeIgniter->startController()
 7 SYSTEMPATH\CodeIgniter.php(361): CodeIgniter\CodeIgniter->handleRequest(null, Object(Config\Cache), false)
 8 FCPATH\index.php(79): CodeIgniter\CodeIgniter->run()
CRITICAL - 2024-02-27 01:54:42 --> Error: Undefined constant "CI_VERSION"
in APPPATH\Views\welcome.php on line 194.
 1 SYSTEMPATH\View\View.php(228): include()
 2 SYSTEMPATH\View\View.php(231): CodeIgniter\View\View->CodeIgniter\View\{closure}()
 3 SYSTEMPATH\Common.php(1178): CodeIgniter\View\View->render('welcome', [], true)
 4 APPPATH\Controllers\Home.php(13): view('welcome')
 5 SYSTEMPATH\CodeIgniter.php(941): App\Controllers\Home->index()
 6 SYSTEMPATH\CodeIgniter.php(502): CodeIgniter\CodeIgniter->runController(Object(App\Controllers\Home))
 7 SYSTEMPATH\CodeIgniter.php(361): CodeIgniter\CodeIgniter->handleRequest(null, Object(Config\Cache), false)
 8 FCPATH\index.php(79): CodeIgniter\CodeIgniter->run()
CRITICAL - 2024-02-27 01:54:51 --> Error: Undefined constant "CI_VERSION"
in APPPATH\Views\welcome.php on line 194.
 1 SYSTEMPATH\View\View.php(228): include()
 2 SYSTEMPATH\View\View.php(231): CodeIgniter\View\View->CodeIgniter\View\{closure}()
 3 SYSTEMPATH\Common.php(1178): CodeIgniter\View\View->render('welcome', [], true)
 4 APPPATH\Controllers\Home.php(13): view('welcome')
 5 SYSTEMPATH\CodeIgniter.php(941): App\Controllers\Home->index()
 6 SYSTEMPATH\CodeIgniter.php(502): CodeIgniter\CodeIgniter->runController(Object(App\Controllers\Home))
 7 SYSTEMPATH\CodeIgniter.php(361): CodeIgniter\CodeIgniter->handleRequest(null, Object(Config\Cache), false)
 8 FCPATH\index.php(79): CodeIgniter\CodeIgniter->run()
CRITICAL - 2024-02-27 03:23:25 --> Error: Undefined constant "CI_VERSION"
in APPPATH\Views\dictionaryapi.php on line 19.
 1 SYSTEMPATH\View\View.php(228): include()
 2 SYSTEMPATH\View\View.php(231): CodeIgniter\View\View->CodeIgniter\View\{closure}()
 3 SYSTEMPATH\Common.php(1178): CodeIgniter\View\View->render('dictionaryapi', [], true)
 4 APPPATH\Controllers\Dictionaryapi.php(9): view('dictionaryapi')
 5 SYSTEMPATH\CodeIgniter.php(941): App\Controllers\Dictionaryapi->index()
 6 SYSTEMPATH\CodeIgniter.php(502): CodeIgniter\CodeIgniter->runController(Object(App\Controllers\Dictionaryapi))
 7 SYSTEMPATH\CodeIgniter.php(361): CodeIgniter\CodeIgniter->handleRequest(null, Object(Config\Cache), false)
 8 FCPATH\index.php(79): CodeIgniter\CodeIgniter->run()
CRITICAL - 2024-02-27 03:24:55 --> ErrorException: Undefined variable $name
in APPPATH\Views\topic.php on line 2.
 1 APPPATH\Views\topic.php(2): CodeIgniter\Debug\Exceptions->errorHandler(2, 'Undefined variable $name', 'C:\\xampp\\htdocs\\2024\\CI\\app\\Views\\topic.php', 2)
 2 SYSTEMPATH\View\View.php(228): include('C:\\xampp\\htdocs\\2024\\CI\\app\\Views\\topic.php')
 3 SYSTEMPATH\View\View.php(231): CodeIgniter\View\View->CodeIgniter\View\{closure}()
 4 SYSTEMPATH\Common.php(1178): CodeIgniter\View\View->render('topic', [], true)
 5 APPPATH\Controllers\Dictionaryapi.php(9): view('topic')
 6 SYSTEMPATH\CodeIgniter.php(941): App\Controllers\Dictionaryapi->index()
 7 SYSTEMPATH\CodeIgniter.php(502): CodeIgniter\CodeIgniter->runController(Object(App\Controllers\Dictionaryapi))
 8 SYSTEMPATH\CodeIgniter.php(361): CodeIgniter\CodeIgniter->handleRequest(null, Object(Config\Cache), false)
 9 FCPATH\index.php(79): CodeIgniter\CodeIgniter->run()
CRITICAL - 2024-02-27 03:24:56 --> ErrorException: Undefined variable $name
in APPPATH\Views\topic.php on line 2.
 1 APPPATH\Views\topic.php(2): CodeIgniter\Debug\Exceptions->errorHandler(2, 'Undefined variable $name', 'C:\\xampp\\htdocs\\2024\\CI\\app\\Views\\topic.php', 2)
 2 SYSTEMPATH\View\View.php(228): include('C:\\xampp\\htdocs\\2024\\CI\\app\\Views\\topic.php')
 3 SYSTEMPATH\View\View.php(231): CodeIgniter\View\View->CodeIgniter\View\{closure}()
 4 SYSTEMPATH\Common.php(1178): CodeIgniter\View\View->render('topic', [], true)
 5 APPPATH\Controllers\Dictionaryapi.php(9): view('topic')
 6 SYSTEMPATH\CodeIgniter.php(941): App\Controllers\Dictionaryapi->index()
 7 SYSTEMPATH\CodeIgniter.php(502): CodeIgniter\CodeIgniter->runController(Object(App\Controllers\Dictionaryapi))
 8 SYSTEMPATH\CodeIgniter.php(361): CodeIgniter\CodeIgniter->handleRequest(null, Object(Config\Cache), false)
 9 FCPATH\index.php(79): CodeIgniter\CodeIgniter->run()
CRITICAL - 2024-02-27 03:25:07 --> ErrorException: Undefined variable $name
in APPPATH\Views\topic.php on line 2.
 1 APPPATH\Views\topic.php(2): CodeIgniter\Debug\Exceptions->errorHandler(2, 'Undefined variable $name', 'C:\\xampp\\htdocs\\2024\\CI\\app\\Views\\topic.php', 2)
 2 SYSTEMPATH\View\View.php(228): include('C:\\xampp\\htdocs\\2024\\CI\\app\\Views\\topic.php')
 3 SYSTEMPATH\View\View.php(231): CodeIgniter\View\View->CodeIgniter\View\{closure}()
 4 SYSTEMPATH\Common.php(1178): CodeIgniter\View\View->render('topic', [], true)
 5 APPPATH\Controllers\Dictionaryapi.php(9): view('topic')
 6 SYSTEMPATH\CodeIgniter.php(941): App\Controllers\Dictionaryapi->index()
 7 SYSTEMPATH\CodeIgniter.php(502): CodeIgniter\CodeIgniter->runController(Object(App\Controllers\Dictionaryapi))
 8 SYSTEMPATH\CodeIgniter.php(361): CodeIgniter\CodeIgniter->handleRequest(null, Object(Config\Cache), false)
 9 FCPATH\index.php(79): CodeIgniter\CodeIgniter->run()
CRITICAL - 2024-02-27 07:53:47 --> ErrorException: Undefined variable $content
in APPPATH\Views\gohead.php on line 204.
 1 APPPATH\Views\gohead.php(204): CodeIgniter\Debug\Exceptions->errorHandler(2, 'Undefined variable $content', 'C:\\xampp\\htdocs\\2024\\CI\\app\\Views\\gohead.php', 204)
 2 SYSTEMPATH\View\View.php(228): include('C:\\xampp\\htdocs\\2024\\CI\\app\\Views\\gohead.php')
 3 SYSTEMPATH\View\View.php(231): CodeIgniter\View\View->CodeIgniter\View\{closure}()
 4 SYSTEMPATH\Common.php(1178): CodeIgniter\View\View->render('gohead', [], true)
 5 APPPATH\Helpers\render_helper.php(9): view('gohead', [], [])
 6 APPPATH\Controllers\Gohead.php(10): render('gohead')
 7 SYSTEMPATH\CodeIgniter.php(941): App\Controllers\Gohead->index()
 8 SYSTEMPATH\CodeIgniter.php(502): CodeIgniter\CodeIgniter->runController(Object(App\Controllers\Gohead))
 9 SYSTEMPATH\CodeIgniter.php(361): CodeIgniter\CodeIgniter->handleRequest(null, Object(Config\Cache), false)
10 FCPATH\index.php(79): CodeIgniter\CodeIgniter->run()
CRITICAL - 2024-02-27 08:08:09 --> ErrorException: Undefined variable $content
in APPPATH\Views\layout\layout.php on line 133.
 1 APPPATH\Views\layout\layout.php(133): CodeIgniter\Debug\Exceptions->errorHandler(2, 'Undefined variable $content', 'C:\\xampp\\htdocs\\2024\\CI\\app\\Views\\layout\\layout.php', 133)
 2 SYSTEMPATH\View\View.php(228): include('C:\\xampp\\htdocs\\2024\\CI\\app\\Views\\layout\\layout.php')
 3 SYSTEMPATH\View\View.php(231): CodeIgniter\View\View->CodeIgniter\View\{closure}()
 4 SYSTEMPATH\Common.php(1178): CodeIgniter\View\View->render('layout/layout', [], true)
 5 APPPATH\Helpers\render_helper.php(11): view('layout/layout', [...], [])
 6 APPPATH\Controllers\Gohead.php(10): render('gohead')
 7 SYSTEMPATH\CodeIgniter.php(941): App\Controllers\Gohead->index()
 8 SYSTEMPATH\CodeIgniter.php(502): CodeIgniter\CodeIgniter->runController(Object(App\Controllers\Gohead))
 9 SYSTEMPATH\CodeIgniter.php(361): CodeIgniter\CodeIgniter->handleRequest(null, Object(Config\Cache), false)
10 FCPATH\index.php(79): CodeIgniter\CodeIgniter->run()
CRITICAL - 2024-02-27 08:09:01 --> ErrorException: Undefined variable $content
in APPPATH\Views\layout\layout.php on line 133.
 1 APPPATH\Views\layout\layout.php(133): CodeIgniter\Debug\Exceptions->errorHandler(2, 'Undefined variable $content', 'C:\\xampp\\htdocs\\2024\\CI\\app\\Views\\layout\\layout.php', 133)
 2 SYSTEMPATH\View\View.php(228): include('C:\\xampp\\htdocs\\2024\\CI\\app\\Views\\layout\\layout.php')
 3 SYSTEMPATH\View\View.php(231): CodeIgniter\View\View->CodeIgniter\View\{closure}()
 4 SYSTEMPATH\Common.php(1178): CodeIgniter\View\View->render('layout/layout', [], true)
 5 APPPATH\Helpers\render_helper.php(11): view('layout/layout', [...], [])
 6 APPPATH\Controllers\Gohead.php(10): render('gohead')
 7 SYSTEMPATH\CodeIgniter.php(941): App\Controllers\Gohead->index()
 8 SYSTEMPATH\CodeIgniter.php(502): CodeIgniter\CodeIgniter->runController(Object(App\Controllers\Gohead))
 9 SYSTEMPATH\CodeIgniter.php(361): CodeIgniter\CodeIgniter->handleRequest(null, Object(Config\Cache), false)
10 FCPATH\index.php(79): CodeIgniter\CodeIgniter->run()
CRITICAL - 2024-02-27 08:09:02 --> ErrorException: Undefined variable $content
in APPPATH\Views\layout\layout.php on line 133.
 1 APPPATH\Views\layout\layout.php(133): CodeIgniter\Debug\Exceptions->errorHandler(2, 'Undefined variable $content', 'C:\\xampp\\htdocs\\2024\\CI\\app\\Views\\layout\\layout.php', 133)
 2 SYSTEMPATH\View\View.php(228): include('C:\\xampp\\htdocs\\2024\\CI\\app\\Views\\layout\\layout.php')
 3 SYSTEMPATH\View\View.php(231): CodeIgniter\View\View->CodeIgniter\View\{closure}()
 4 SYSTEMPATH\Common.php(1178): CodeIgniter\View\View->render('layout/layout', [], true)
 5 APPPATH\Helpers\render_helper.php(11): view('layout/layout', [...], [])
 6 APPPATH\Controllers\Gohead.php(10): render('gohead')
 7 SYSTEMPATH\CodeIgniter.php(941): App\Controllers\Gohead->index()
 8 SYSTEMPATH\CodeIgniter.php(502): CodeIgniter\CodeIgniter->runController(Object(App\Controllers\Gohead))
 9 SYSTEMPATH\CodeIgniter.php(361): CodeIgniter\CodeIgniter->handleRequest(null, Object(Config\Cache), false)
10 FCPATH\index.php(79): CodeIgniter\CodeIgniter->run()
CRITICAL - 2024-02-27 23:40:13 --> CodeIgniter\View\Exceptions\ViewException: Invalid file: "gohead.php"
in SYSTEMPATH\Exceptions\FrameworkException.php on line 39.
 1 SYSTEMPATH\View\View.php(216): CodeIgniter\Exceptions\FrameworkException::forInvalidFile('gohead.php')
 2 SYSTEMPATH\Common.php(1178): CodeIgniter\View\View->render('gohead', [], true)
 3 APPPATH\Helpers\render_helper.php(9): view('gohead', [], [])
 4 APPPATH\Controllers\Gohead.php(10): render('gohead')
 5 SYSTEMPATH\CodeIgniter.php(941): App\Controllers\Gohead->index()
 6 SYSTEMPATH\CodeIgniter.php(502): CodeIgniter\CodeIgniter->runController(Object(App\Controllers\Gohead))
 7 SYSTEMPATH\CodeIgniter.php(361): CodeIgniter\CodeIgniter->handleRequest(null, Object(Config\Cache), false)
 8 FCPATH\index.php(79): CodeIgniter\CodeIgniter->run()
CRITICAL - 2024-02-27 23:40:27 --> CodeIgniter\View\Exceptions\ViewException: Invalid file: "welcome.php"
in SYSTEMPATH\Exceptions\FrameworkException.php on line 39.
 1 SYSTEMPATH\View\View.php(216): CodeIgniter\Exceptions\FrameworkException::forInvalidFile('welcome.php')
 2 SYSTEMPATH\Common.php(1178): CodeIgniter\View\View->render('welcome', [], true)
 3 APPPATH\Controllers\Home.php(13): view('welcome')
 4 SYSTEMPATH\CodeIgniter.php(941): App\Controllers\Home->index()
 5 SYSTEMPATH\CodeIgniter.php(502): CodeIgniter\CodeIgniter->runController(Object(App\Controllers\Home))
 6 SYSTEMPATH\CodeIgniter.php(361): CodeIgniter\CodeIgniter->handleRequest(null, Object(Config\Cache), false)
 7 FCPATH\index.php(79): CodeIgniter\CodeIgniter->run()
CRITICAL - 2024-02-27 23:40:33 --> CodeIgniter\View\Exceptions\ViewException: Invalid file: "welcome.php"
in SYSTEMPATH\Exceptions\FrameworkException.php on line 39.
 1 SYSTEMPATH\View\View.php(216): CodeIgniter\Exceptions\FrameworkException::forInvalidFile('welcome.php')
 2 SYSTEMPATH\Common.php(1178): CodeIgniter\View\View->render('welcome', [], true)
 3 APPPATH\Controllers\Home.php(13): view('welcome')
 4 SYSTEMPATH\CodeIgniter.php(941): App\Controllers\Home->index()
 5 SYSTEMPATH\CodeIgniter.php(502): CodeIgniter\CodeIgniter->runController(Object(App\Controllers\Home))
 6 SYSTEMPATH\CodeIgniter.php(361): CodeIgniter\CodeIgniter->handleRequest(null, Object(Config\Cache), false)
 7 FCPATH\index.php(79): CodeIgniter\CodeIgniter->run()
CRITICAL - 2024-02-27 23:40:34 --> CodeIgniter\View\Exceptions\ViewException: Invalid file: "welcome.php"
in SYSTEMPATH\Exceptions\FrameworkException.php on line 39.
 1 SYSTEMPATH\View\View.php(216): CodeIgniter\Exceptions\FrameworkException::forInvalidFile('welcome.php')
 2 SYSTEMPATH\Common.php(1178): CodeIgniter\View\View->render('welcome', [], true)
 3 APPPATH\Controllers\Home.php(13): view('welcome')
 4 SYSTEMPATH\CodeIgniter.php(941): App\Controllers\Home->index()
 5 SYSTEMPATH\CodeIgniter.php(502): CodeIgniter\CodeIgniter->runController(Object(App\Controllers\Home))
 6 SYSTEMPATH\CodeIgniter.php(361): CodeIgniter\CodeIgniter->handleRequest(null, Object(Config\Cache), false)
 7 FCPATH\index.php(79): CodeIgniter\CodeIgniter->run()
CRITICAL - 2024-02-27 23:40:34 --> CodeIgniter\View\Exceptions\ViewException: Invalid file: "welcome.php"
in SYSTEMPATH\Exceptions\FrameworkException.php on line 39.
 1 SYSTEMPATH\View\View.php(216): CodeIgniter\Exceptions\FrameworkException::forInvalidFile('welcome.php')
 2 SYSTEMPATH\Common.php(1178): CodeIgniter\View\View->render('welcome', [], true)
 3 APPPATH\Controllers\Home.php(13): view('welcome')
 4 SYSTEMPATH\CodeIgniter.php(941): App\Controllers\Home->index()
 5 SYSTEMPATH\CodeIgniter.php(502): CodeIgniter\CodeIgniter->runController(Object(App\Controllers\Home))
 6 SYSTEMPATH\CodeIgniter.php(361): CodeIgniter\CodeIgniter->handleRequest(null, Object(Config\Cache), false)
 7 FCPATH\index.php(79): CodeIgniter\CodeIgniter->run()
CRITICAL - 2024-02-27 23:42:43 --> CodeIgniter\View\Exceptions\ViewException: Invalid file: "gohead.php"
in SYSTEMPATH\Exceptions\FrameworkException.php on line 39.
 1 SYSTEMPATH\View\View.php(216): CodeIgniter\Exceptions\FrameworkException::forInvalidFile('gohead.php')
 2 SYSTEMPATH\Common.php(1178): CodeIgniter\View\View->render('gohead', [], true)
 3 APPPATH\Helpers\render_helper.php(9): view('gohead', [], [])
 4 APPPATH\Controllers\Gohead.php(10): render('gohead')
 5 SYSTEMPATH\CodeIgniter.php(941): App\Controllers\Gohead->index()
 6 SYSTEMPATH\CodeIgniter.php(502): CodeIgniter\CodeIgniter->runController(Object(App\Controllers\Gohead))
 7 SYSTEMPATH\CodeIgniter.php(361): CodeIgniter\CodeIgniter->handleRequest(null, Object(Config\Cache), false)
 8 FCPATH\index.php(79): CodeIgniter\CodeIgniter->run()
CRITICAL - 2024-02-27 23:42:47 --> CodeIgniter\View\Exceptions\ViewException: Invalid file: "gohead.php"
in SYSTEMPATH\Exceptions\FrameworkException.php on line 39.
 1 SYSTEMPATH\View\View.php(216): CodeIgniter\Exceptions\FrameworkException::forInvalidFile('gohead.php')
 2 SYSTEMPATH\Common.php(1178): CodeIgniter\View\View->render('gohead', [], true)
 3 APPPATH\Helpers\render_helper.php(9): view('gohead', [], [])
 4 APPPATH\Controllers\Gohead.php(10): render('gohead')
 5 SYSTEMPATH\CodeIgniter.php(941): App\Controllers\Gohead->index()
 6 SYSTEMPATH\CodeIgniter.php(502): CodeIgniter\CodeIgniter->runController(Object(App\Controllers\Gohead))
 7 SYSTEMPATH\CodeIgniter.php(361): CodeIgniter\CodeIgniter->handleRequest(null, Object(Config\Cache), false)
 8 FCPATH\index.php(79): CodeIgniter\CodeIgniter->run()
CRITICAL - 2024-02-27 23:42:51 --> CodeIgniter\View\Exceptions\ViewException: Invalid file: "gohead.php"
in SYSTEMPATH\Exceptions\FrameworkException.php on line 39.
 1 SYSTEMPATH\View\View.php(216): CodeIgniter\Exceptions\FrameworkException::forInvalidFile('gohead.php')
 2 SYSTEMPATH\Common.php(1178): CodeIgniter\View\View->render('gohead', [], true)
 3 APPPATH\Helpers\render_helper.php(9): view('gohead', [], [])
 4 APPPATH\Controllers\Gohead.php(10): render('gohead')
 5 SYSTEMPATH\CodeIgniter.php(941): App\Controllers\Gohead->index()
 6 SYSTEMPATH\CodeIgniter.php(502): CodeIgniter\CodeIgniter->runController(Object(App\Controllers\Gohead))
 7 SYSTEMPATH\CodeIgniter.php(361): CodeIgniter\CodeIgniter->handleRequest(null, Object(Config\Cache), false)
 8 FCPATH\index.php(79): CodeIgniter\CodeIgniter->run()
CRITICAL - 2024-02-27 23:42:52 --> CodeIgniter\View\Exceptions\ViewException: Invalid file: "gohead.php"
in SYSTEMPATH\Exceptions\FrameworkException.php on line 39.
 1 SYSTEMPATH\View\View.php(216): CodeIgniter\Exceptions\FrameworkException::forInvalidFile('gohead.php')
 2 SYSTEMPATH\Common.php(1178): CodeIgniter\View\View->render('gohead', [], true)
 3 APPPATH\Helpers\render_helper.php(9): view('gohead', [], [])
 4 APPPATH\Controllers\Gohead.php(10): render('gohead')
 5 SYSTEMPATH\CodeIgniter.php(941): App\Controllers\Gohead->index()
 6 SYSTEMPATH\CodeIgniter.php(502): CodeIgniter\CodeIgniter->runController(Object(App\Controllers\Gohead))
 7 SYSTEMPATH\CodeIgniter.php(361): CodeIgniter\CodeIgniter->handleRequest(null, Object(Config\Cache), false)
 8 FCPATH\index.php(79): CodeIgniter\CodeIgniter->run()
CRITICAL - 2024-02-27 23:42:55 --> CodeIgniter\View\Exceptions\ViewException: Invalid file: "gohead.php"
in SYSTEMPATH\Exceptions\FrameworkException.php on line 39.
 1 SYSTEMPATH\View\View.php(216): CodeIgniter\Exceptions\FrameworkException::forInvalidFile('gohead.php')
 2 SYSTEMPATH\Common.php(1178): CodeIgniter\View\View->render('gohead', [], true)
 3 APPPATH\Helpers\render_helper.php(9): view('gohead', [], [])
 4 APPPATH\Controllers\Gohead.php(10): render('gohead')
 5 SYSTEMPATH\CodeIgniter.php(941): App\Controllers\Gohead->index()
 6 SYSTEMPATH\CodeIgniter.php(502): CodeIgniter\CodeIgniter->runController(Object(App\Controllers\Gohead))
 7 SYSTEMPATH\CodeIgniter.php(361): CodeIgniter\CodeIgniter->handleRequest(null, Object(Config\Cache), false)
 8 FCPATH\index.php(79): CodeIgniter\CodeIgniter->run()
